<?xml version="1.0" encoding="UTF-8"?>
<!-- Generated by org.testng.reporters.JUnitReportReporter -->
<testsuite skipped="1" hostname="LAPTOP-U9F30SBI" name="testNG.TestTestNGAttributes" tests="6" failures="0" timestamp="28 Mar 2018 07:08:59 GMT" time="0.000" errors="0">
  <testcase name="e" time="0.000" classname="testNG.TestTestNGAttributes"/>
  <testcase name="d" time="0.000" classname="testNG.TestTestNGAttributes"/>
  <testcase name="m" time="0.000" classname="testNG.TestTestNGAttributes"/>
  <testcase name="h" time="0.000" classname="testNG.TestTestNGAttributes"/>
  <testcase name="o" time="0.000" classname="testNG.TestTestNGAttributes"/>
  <testcase name="f" classname="testNG.TestTestNGAttributes">
    <skipped/>
  </testcase> <!-- f -->
</testsuite> <!-- testNG.TestTestNGAttributes -->
