<?xml version="1.0" encoding="UTF-8"?>
<!-- Generated by org.testng.reporters.JUnitReportReporter -->
<testsuite skipped="0" hostname="LAPTOP-U9F30SBI" name="testNG.TestGrouping" tests="4" failures="0" timestamp="28 Mar 2018 07:46:24 GMT" time="0.000" errors="0">
  <testcase name="m1" time="0.000" classname="testNG.TestGrouping"/>
  <testcase name="m2" time="0.000" classname="testNG.TestGrouping"/>
  <testcase name="m3" time="0.000" classname="testNG.TestGrouping"/>
  <testcase name="m4" time="0.000" classname="testNG.TestGrouping"/>
</testsuite> <!-- testNG.TestGrouping -->
