<?xml version="1.0" encoding="UTF-8"?>
<!-- Generated by org.testng.reporters.JUnitReportReporter -->
<testsuite skipped="0" hostname="LAPTOP-U9F30SBI" name="com.test.TestNGFeatures" tests="1" failures="0" timestamp="31 Mar 2018 06:34:25 GMT" time="0.000" errors="0">
  <testcase name="loginTest" time="0.000" classname="com.test.TestNGFeatures"/>
</testsuite> <!-- com.test.TestNGFeatures -->
