<?xml version="1.0" encoding="UTF-8"?>
<!-- Generated by org.testng.reporters.JUnitReportReporter -->
<testsuite skipped="0" hostname="LAPTOP-U9F30SBI" name="testNG.TestAnnotations" tests="2" failures="0" timestamp="14 May 2018 10:56:10 GMT" time="0.010" errors="0">
  <testcase name="f2" time="0.002" classname="testNG.TestAnnotations"/>
  <testcase name="f1" time="0.008" classname="testNG.TestAnnotations"/>
</testsuite> <!-- testNG.TestAnnotations -->
