<?xml version="1.0" encoding="UTF-8"?>
<!-- Generated by org.testng.reporters.JUnitReportReporter -->
<testsuite skipped="0" hostname="LAPTOP-U9F30SBI" name="com.test.GoogleTitleTest" tests="2" failures="0" timestamp="31 Mar 2018 06:34:25 GMT" time="27.441" errors="0">
  <testcase name="googleLogoTest" time="13.074" classname="com.test.GoogleTitleTest"/>
  <testcase name="googleTitleTest" time="14.367" classname="com.test.GoogleTitleTest"/>
</testsuite> <!-- com.test.GoogleTitleTest -->
